<?xml version="1.0" encoding="UTF-8"?>
<!-- Generated by org.testng.reporters.JUnitReportReporter -->
<testsuite skipped="0" hostname="Fatemas-MacBook-Pro.local" name="com.first.macCode.first.macCode.com.jvatest" tests="1" failures="0" timestamp="15 Jul 2017 19:51:45 GMT" time="10.029" errors="0">
  <testcase name="macman" time="10.029" classname="com.first.macCode.first.macCode.com.jvatest"/>
</testsuite> <!-- com.first.macCode.first.macCode.com.jvatest -->
