<?xml version="1.0" encoding="UTF-8"?>
<!-- Generated by org.testng.reporters.JUnitReportReporter -->
<testsuite skipped="0" hostname="Fatemas-MacBook-Pro.local" name="com.first.macCode.first.macCode.com.VerifyRadioButton" tests="1" failures="0" timestamp="15 Jul 2017 20:23:08 GMT" time="12.020" errors="0">
  <testcase name="verifyMobileLink" time="12.020" classname="com.first.macCode.first.macCode.com.VerifyRadioButton"/>
</testsuite> <!-- com.first.macCode.first.macCode.com.VerifyRadioButton -->
