<?xml version="1.0" encoding="UTF-8"?>
<!-- Generated by org.testng.reporters.JUnitReportReporter -->
<testsuite skipped="0" hostname="Fatemas-MacBook-Pro.local" name="com.first.macCode.first.macCode.com.VerifyCreateAccount" tests="1" failures="0" timestamp="15 Jul 2017 20:23:03 GMT" time="11.347" errors="0">
  <testcase name="creatAccount" time="11.347" classname="com.first.macCode.first.macCode.com.VerifyCreateAccount"/>
</testsuite> <!-- com.first.macCode.first.macCode.com.VerifyCreateAccount -->
