<?xml version="1.0" encoding="UTF-8"?>
<!-- Generated by org.testng.reporters.JUnitReportReporter -->
<testsuite skipped="0" hostname="Fatemas-MacBook-Pro.local" name="com.first.macCode.first.macCode.com.VerifyClass" tests="1" failures="0" timestamp="15 Jul 2017 19:54:25 GMT" time="10.028" errors="0">
  <testcase name="creatAccount" time="10.028" classname="com.first.macCode.first.macCode.com.VerifyClass"/>
</testsuite> <!-- com.first.macCode.first.macCode.com.VerifyClass -->
