<?xml version="1.0" encoding="UTF-8"?>
<!-- Generated by org.testng.reporters.JUnitReportReporter -->
<testsuite skipped="0" hostname="Fatemas-MacBook-Pro.local" name="com.first.macCode.first.macCode.com.VerifyPrivacyPolicy" tests="1" failures="0" timestamp="15 Jul 2017 20:22:58 GMT" time="11.723" errors="0">
  <testcase name="verifyCreatePage" time="11.723" classname="com.first.macCode.first.macCode.com.VerifyPrivacyPolicy"/>
</testsuite> <!-- com.first.macCode.first.macCode.com.VerifyPrivacyPolicy -->
